[ FATAL ] fatal test (./01-controller.t:43) 2008-06-12 02:01:00
[ ERROR ] error test (./01-controller.t:45) 2008-06-12 02:01:00
[ WARN ] warn test (./01-controller.t:47) 2008-06-12 02:01:00
[ INFO ] info test (./01-controller.t:49) 2008-06-12 02:01:00
[ LOGGING ] logging test (./01-controller.t:51) 2008-06-12 02:01:00
[ DEBUG ] debug test (./01-controller.t:53) 2008-06-12 02:01:00
[ FATAL ] fatal test (./01-controller.t:61) 2008-06-12 02:01:00
[ ERROR ] error test (./01-controller.t:63) 2008-06-12 02:01:00
[ WARN ] warn test (./01-controller.t:65) 2008-06-12 02:01:00
[ INFO ] info test (./01-controller.t:67) 2008-06-12 02:01:00
[ FATAL ] fatal test (./01-controller.t:44) 2008-06-12 02:01:38
[ ERROR ] error test (./01-controller.t:46) 2008-06-12 02:01:38
[ WARN ] warn test (./01-controller.t:48) 2008-06-12 02:01:38
[ INFO ] info test (./01-controller.t:50) 2008-06-12 02:01:38
[ LOGGING ] logging test (./01-controller.t:52) 2008-06-12 02:01:38
[ DEBUG ] debug test (./01-controller.t:54) 2008-06-12 02:01:38
[ FATAL ] fatal test (./01-controller.t:62) 2008-06-12 02:01:38
[ ERROR ] error test (./01-controller.t:64) 2008-06-12 02:01:38
[ WARN ] warn test (./01-controller.t:66) 2008-06-12 02:01:38
[ INFO ] info test (./01-controller.t:68) 2008-06-12 02:01:38
[ FATAL ] fatal test (./02-controller.t:43) 2010-02-26 19:59:39
[ ERROR ] error test (./02-controller.t:45) 2010-02-26 19:59:39
[ WARN ] warn test (./02-controller.t:47) 2010-02-26 19:59:39
[ INFO ] info test (./02-controller.t:49) 2010-02-26 19:59:39
[ LOGGING ] logging test (./02-controller.t:51) 2010-02-26 19:59:39
[ DEBUG ] debug test (./02-controller.t:53) 2010-02-26 19:59:39
[ FATAL ] fatal test (./02-controller.t:61) 2010-02-26 19:59:39
[ ERROR ] error test (./02-controller.t:63) 2010-02-26 19:59:39
[ WARN ] warn test (./02-controller.t:65) 2010-02-26 19:59:39
[ INFO ] info test (./02-controller.t:67) 2010-02-26 19:59:39
[ FATAL ] fatal test (./02-controller.t:43) 2010-02-26 20:00:13
[ ERROR ] error test (./02-controller.t:45) 2010-02-26 20:00:13
[ WARN ] warn test (./02-controller.t:47) 2010-02-26 20:00:13
[ INFO ] info test (./02-controller.t:49) 2010-02-26 20:00:13
[ LOGGING ] logging test (./02-controller.t:51) 2010-02-26 20:00:13
[ DEBUG ] debug test (./02-controller.t:53) 2010-02-26 20:00:13
[ FATAL ] fatal test (./02-controller.t:61) 2010-02-26 20:00:13
[ ERROR ] error test (./02-controller.t:63) 2010-02-26 20:00:13
[ WARN ] warn test (./02-controller.t:65) 2010-02-26 20:00:13
[ INFO ] info test (./02-controller.t:67) 2010-02-26 20:00:13
